Unity Editor version:    2021.2.8f1 (d0e5f0a7b06a)
Branch:                  2021.2/staging
Build type:              Release
Batch mode:              YES
macOS version:           Version 11.6 (Build 20G165)
Darwin version:          20.6.0
Architecture:            x86_64
Running under Rosetta:   NO
Available memory:        16384 MB
Using pre-set license
Pro License: NO

COMMAND LINE ARGUMENTS:
/Applications/Unity/Hub/Editor/2021.2.8f1/Unity.app/Contents/MacOS/Unity
-adb2
-batchMode
-noUpm
-name
AssetImportWorker16
-projectPath
/Users/chujiadan/Downloads/TryGithub/2022InitialProject/ballroom
-logFile
Logs/AssetImportWorker16.log
-srvPort
57568
Successfully changed project path to: /Users/chujiadan/Downloads/TryGithub/2022InitialProject/ballroom
/Users/chujiadan/Downloads/TryGithub/2022InitialProject/ballroom
[UnityMemory] Configuration Parameters - Can be set up in boot.config
    "memorysetup-bucket-allocator-granularity=16"
    "memorysetup-bucket-allocator-bucket-count=8"
    "memorysetup-bucket-allocator-block-size=33554432"
    "memorysetup-bucket-allocator-block-count=8"
    "memorysetup-main-allocator-block-size=16777216"
    "memorysetup-thread-allocator-block-size=16777216"
    "memorysetup-gfx-main-allocator-block-size=16777216"
    "memorysetup-gfx-thread-allocator-block-size=16777216"
    "memorysetup-cache-allocator-block-size=4194304"
    "memorysetup-typetree-allocator-block-size=2097152"
    "memorysetup-profiler-bucket-allocator-granularity=16"
    "memorysetup-profiler-bucket-allocator-bucket-count=8"
    "memorysetup-profiler-bucket-allocator-block-size=33554432"
    "memorysetup-profiler-bucket-allocator-block-count=8"
    "memorysetup-profiler-allocator-block-size=16777216"
    "memorysetup-profiler-editor-allocator-block-size=1048576"
    "memorysetup-temp-allocator-size-main=16777216"
    "memorysetup-job-temp-allocator-block-size=2097152"
    "memorysetup-job-temp-allocator-block-size-background=1048576"
    "memorysetup-job-temp-allocator-reduction-small-platforms=262144"
    "memorysetup-temp-allocator-size-background-worker=32768"
    "memorysetup-temp-allocator-size-job-worker=262144"
    "memorysetup-temp-allocator-size-preload-manager=33554432"
    "memorysetup-temp-allocator-size-nav-mesh-worker=65536"
    "memorysetup-temp-allocator-size-audio-worker=65536"
    "memorysetup-temp-allocator-size-cloud-worker=32768"
    "memorysetup-temp-allocator-size-gi-baking-worker=262144"
    "memorysetup-temp-allocator-size-gfx=262144"
Refreshing native plugins compatible for Editor in 134.68 ms, found 2 plugins.
Preloading 0 native plugins for Editor in 0.00 ms.
Initialize engine version: 2021.2.8f1 (d0e5f0a7b06a)
[Subsystems] Discovering subsystems at path /Applications/Unity/Hub/Editor/2021.2.8f1/Unity.app/Contents/Resources/UnitySubsystems
[Subsystems] Discovering subsystems at path /Users/chujiadan/Downloads/TryGithub/2022InitialProject/ballroom/Assets
GfxDevice: creating device client; threaded=0; jobified=0
Renderer: AMD Radeon Pro 555X OpenGL Engine
Vendor:   ATI Technologies Inc.
Version:  4.1 ATI-4.6.20
GLES:     0
 GL_ARB_blend_func_extended GL_ARB_draw_buffers_blend GL_ARB_draw_indirect GL_ARB_ES2_compatibility GL_ARB_explicit_attrib_location GL_ARB_gpu_shader_fp64 GL_ARB_gpu_shader5 GL_ARB_instanced_arrays GL_ARB_internalformat_query GL_ARB_occlusion_query2 GL_ARB_sample_shading GL_ARB_sampler_objects GL_ARB_separate_shader_objects GL_ARB_shader_bit_encoding GL_ARB_shader_subroutine GL_ARB_shading_language_include GL_ARB_tessellation_shader GL_ARB_texture_buffer_object_rgb32 GL_ARB_texture_cube_map_array GL_ARB_texture_gather GL_ARB_texture_query_lod GL_ARB_texture_rgb10_a2ui GL_ARB_texture_storage GL_ARB_texture_swizzle GL_ARB_timer_query GL_ARB_transform_feedback2 GL_ARB_transform_feedback3 GL_ARB_vertex_attrib_64bit GL_ARB_vertex_type_2_10_10_10_rev GL_ARB_viewport_array GL_EXT_debug_label GL_EXT_debug_marker GL_EXT_depth_bounds_test GL_EXT_texture_compression_s3tc GL_EXT_texture_filter_anisotropic GL_EXT_texture_mirror_clamp GL_EXT_texture_sRGB_decode GL_APPLE_client_storage GL_APPLE_container_object_shareable G
L_APPLE_flush_render GL_APPLE_object_purgeable GL_APPLE_rgb_422 GL_APPLE_row_bytes GL_APPLE_texture_range GL_ATI_texture_mirror_once GL_NV_texture_barrier
OPENGL LOG: Creating OpenGL 4.1 graphics device ; Context level  <OpenGL 4.1> ; Context handle -1022832128
Initialize mono
Mono path[0] = '/Applications/Unity/Hub/Editor/2021.2.8f1/Unity.app/Contents/Managed'
Mono path[1] = '/Applications/Unity/Hub/Editor/2021.2.8f1/Unity.app/Contents/MonoBleedingEdge/lib/mono/unityjit-macos'
Mono config path = '/Applications/Unity/Hub/Editor/2021.2.8f1/Unity.app/Contents/MonoBleedingEdge/etc'
Using monoOptions --debugger-agent=transport=dt_socket,embedding=1,server=y,suspend=n,address=127.0.0.1:56745
Begin MonoManager ReloadAssembly
Registering precompiled unity dll's ...
Register platform support module: /Applications/Unity/Hub/Editor/2021.2.8f1/Unity.app/Contents/PlaybackEngines/MacStandaloneSupport/UnityEditor.OSXStandalone.Extensions.dll
Registered in 0.004410 seconds.
Native extension for OSXStandalone target not found
Refreshing native plugins compatible for Editor in 104.64 ms, found 2 plugins.
Preloading 0 native plugins for Editor in 0.00 ms.
Mono: successfully reloaded assembly
- Completed reload, in  0.888 seconds
Domain Reload Profiling:
	ReloadAssembly (888ms)
		BeginReloadAssembly (132ms)
			ExecutionOrderSort (0ms)
			DisableScriptedObjects (0ms)
			BackupInstance (0ms)
			ReleaseScriptingObjects (0ms)
			CreateAndSetChildDomain (1ms)
		EndReloadAssembly (637ms)
			LoadAssemblies (132ms)
			RebuildTransferFunctionScriptingTraits (0ms)
			SetupTypeCache (168ms)
			ReleaseScriptCaches (0ms)
			RebuildScriptCaches (41ms)
			SetupLoadedEditorAssemblies (359ms)
				LogAssemblyErrors (0ms)
				InitializePlatformSupportModulesInManaged (15ms)
				SetLoadedEditorAssemblies (1ms)
				RefreshPlugins (105ms)
				BeforeProcessingInitializeOnLoad (2ms)
				ProcessInitializeOnLoadAttributes (182ms)
				ProcessInitializeOnLoadMethodAttributes (56ms)
				AfterProcessingInitializeOnLoad (0ms)
				EditorAssembliesLoaded (0ms)
			ExecutionOrderSort2 (0ms)
			AwakeInstancesAfterBackupRestoration (0ms)
Platform modules already initialized, skipping
Registering precompiled user dll's ...
Registered in 0.002701 seconds.
Begin MonoManager ReloadAssembly
Symbol file LoadedFromMemory doesn't match image /Users/chujiadan/Downloads/TryGithub/2022InitialProject/ballroom/Library/PackageCache/com.unity.visualscripting@1.7.7/Editor/VisualScripting.Core/Dependencies/YamlDotNet/Unity.VisualScripting.YamlDotNet.dll
Symbol file LoadedFromMemory doesn't match image /Users/chujiadan/Downloads/TryGithub/2022InitialProject/ballroom/Library/PackageCache/com.unity.visualscripting@1.7.7/Editor/VisualScripting.Core/Dependencies/DotNetZip/Unity.VisualScripting.IonicZip.dll
Native extension for OSXStandalone target not found
Refreshing native plugins compatible for Editor in 0.53 ms, found 2 plugins.
Preloading 0 native plugins for Editor in 0.00 ms.
Mono: successfully reloaded assembly
- Completed reload, in  1.311 seconds
Domain Reload Profiling:
	ReloadAssembly (1312ms)
		BeginReloadAssembly (116ms)
			ExecutionOrderSort (0ms)
			DisableScriptedObjects (7ms)
			BackupInstance (0ms)
			ReleaseScriptingObjects (0ms)
			CreateAndSetChildDomain (30ms)
		EndReloadAssembly (1071ms)
			LoadAssemblies (105ms)
			RebuildTransferFunctionScriptingTraits (0ms)
			SetupTypeCache (345ms)
			ReleaseScriptCaches (1ms)
			RebuildScriptCaches (73ms)
			SetupLoadedEditorAssemblies (477ms)
				LogAssemblyErrors (0ms)
				InitializePlatformSupportModulesInManaged (11ms)
				SetLoadedEditorAssemblies (1ms)
				RefreshPlugins (1ms)
				BeforeProcessingInitializeOnLoad (96ms)
				ProcessInitializeOnLoadAttributes (332ms)
				ProcessInitializeOnLoadMethodAttributes (35ms)
				AfterProcessingInitializeOnLoad (2ms)
				EditorAssembliesLoaded (0ms)
			ExecutionOrderSort2 (0ms)
			AwakeInstancesAfterBackupRestoration (5ms)
Platform modules already initialized, skipping
========================================================================
Worker process is ready to serve import requests
Launching external process: /Applications/Unity/Hub/Editor/2021.2.8f1/Unity.app/Contents/Tools/UnityShaderCompiler
Launched and connected shader compiler UnityShaderCompiler after 0.05 seconds
Refreshing native plugins compatible for Editor in 0.62 ms, found 2 plugins.
Preloading 0 native plugins for Editor in 0.00 ms.
Unloading 3246 Unused Serialized files (Serialized files now loaded: 0)
Unloading 23 unused Assets / (65.8 KB). Loaded Objects now: 3727.
Memory consumption went from 248.4 MB to 248.4 MB.
Total: 3.677955 ms (FindLiveObjects: 0.287798 ms CreateObjectMapping: 0.174370 ms MarkObjects: 3.117037 ms  DeleteObjects: 0.097598 ms)

AssetImportParameters requested are different than current active one (requested -> active):
  custom:video-decoder-ogg-theora: a1e56fd34408186e4bbccfd4996cb3dc -> 
  custom:container-muxer-webm: aa71ff27fc2769a1b78a27578f13a17b -> 
  custom:container-demuxer-webm: 4f35f7cbe854078d1ac9338744f61a02 -> 
  custom:video-encoder-webm-vp8: eb34c28f22e8b96e1ab97ce403110664 -> 
  custom:framework-osx-AVFoundation: e770b220cccbd017edd2c1fefb359320 -> 
  custom:audio-encoder-webm-vorbis: bf7c407c2cedff20999df2af8eb42d56 -> 
  custom:container-demuxer-ogg: 62fdf1f143b41e24485cea50d1cbac27 -> 
  custom:video-decoder-webm-vp8: 9c59270c3fd7afecdb556c50c9e8de78 -> 
  custom:audio-decoder-ogg-vorbis: bf7c407c2cedff20999df2af8eb42d56 -> 
========================================================================
Received Import Request.
  Time since last request: 1645652.119914 seconds.
  path: Assets/Shader/VolunmetricLight/fogShadow.mat
  artifactKey: Guid(8bc2b021fa09f4e7bb2578edce97787f) Importer(815301076,1909f56bfc062723c751e8b465ee728b)
Start importing Assets/Shader/VolunmetricLight/fogShadow.mat using Guid(8bc2b021fa09f4e7bb2578edce97787f) Importer(815301076,1909f56bfc062723c751e8b465ee728b)  -> (artifact id: '01dea2e551547dad57e5392475f1b467') in 1.098486 seconds 
========================================================================
Received Import Request.
  Time since last request: 61.996402 seconds.
  path: Assets/Shader/VolunmetricLight/fogShadow.mat
  artifactKey: Guid(8bc2b021fa09f4e7bb2578edce97787f) Importer(815301076,1909f56bfc062723c751e8b465ee728b)
Start importing Assets/Shader/VolunmetricLight/fogShadow.mat using Guid(8bc2b021fa09f4e7bb2578edce97787f) Importer(815301076,1909f56bfc062723c751e8b465ee728b)  -> (artifact id: 'dd437f881fbdd1544f5d50e0973206e6') in 0.011039 seconds 
========================================================================
Received Import Request.
  Time since last request: 0.000088 seconds.
  path: Assets/Shader/VolunmetricLight/PieceVolunmetric.mat
  artifactKey: Guid(e7f8c3e46f28e45858b2bb3d5ff2d33f) Importer(815301076,1909f56bfc062723c751e8b465ee728b)
Start importing Assets/Shader/VolunmetricLight/PieceVolunmetric.mat using Guid(e7f8c3e46f28e45858b2bb3d5ff2d33f) Importer(815301076,1909f56bfc062723c751e8b465ee728b)  -> (artifact id: '6ad3b882a9f34957e12b713ba4901108') in 0.007354 seconds 
========================================================================
Received Import Request.
  Time since last request: 0.000070 seconds.
  path: Assets/Shader/VolunmetricLight/SidePieceVolunmetric 1.mat
  artifactKey: Guid(986c06e2c486e49d383226b382db90a6) Importer(815301076,1909f56bfc062723c751e8b465ee728b)
Start importing Assets/Shader/VolunmetricLight/SidePieceVolunmetric 1.mat using Guid(986c06e2c486e49d383226b382db90a6) Importer(815301076,1909f56bfc062723c751e8b465ee728b)  -> (artifact id: '87ab43ff863b1cb262997a8a953d2c3f') in 0.007204 seconds 
========================================================================
Received Import Request.
  Time since last request: 0.000111 seconds.
  path: Assets/Shader/VolunmetricLight/InnerVolunmetric.mat
  artifactKey: Guid(c81bc03558f624f7983e5ad13ae2ea0b) Importer(815301076,1909f56bfc062723c751e8b465ee728b)
Start importing Assets/Shader/VolunmetricLight/InnerVolunmetric.mat using Guid(c81bc03558f624f7983e5ad13ae2ea0b) Importer(815301076,1909f56bfc062723c751e8b465ee728b)  -> (artifact id: '1029bbc5e52710fa78e321272a0293c2') in 0.018400 seconds 
========================================================================
Received Import Request.
  Time since last request: 24.845727 seconds.
  path: Assets/Shader/VolunmetricLight/InnerVolunmetric.mat
  artifactKey: Guid(c81bc03558f624f7983e5ad13ae2ea0b) Importer(815301076,1909f56bfc062723c751e8b465ee728b)
Start importing Assets/Shader/VolunmetricLight/InnerVolunmetric.mat using Guid(c81bc03558f624f7983e5ad13ae2ea0b) Importer(815301076,1909f56bfc062723c751e8b465ee728b)  -> (artifact id: 'ce789ffe67b0d8e313483040454ddfc1') in 0.008497 seconds 
========================================================================
Received Import Request.
  Time since last request: 0.000082 seconds.
  path: Assets/Shader/VolunmetricLight/PieceVolunmetric.mat
  artifactKey: Guid(e7f8c3e46f28e45858b2bb3d5ff2d33f) Importer(815301076,1909f56bfc062723c751e8b465ee728b)
Start importing Assets/Shader/VolunmetricLight/PieceVolunmetric.mat using Guid(e7f8c3e46f28e45858b2bb3d5ff2d33f) Importer(815301076,1909f56bfc062723c751e8b465ee728b)  -> (artifact id: '6bace0a574c39b615fecc96f9f579aa1') in 0.008475 seconds 
========================================================================
Received Import Request.
  Time since last request: 19.624144 seconds.
  path: Assets/Shader/VolunmetricLight/InnerVolunmetric.mat
  artifactKey: Guid(c81bc03558f624f7983e5ad13ae2ea0b) Importer(815301076,1909f56bfc062723c751e8b465ee728b)
Start importing Assets/Shader/VolunmetricLight/InnerVolunmetric.mat using Guid(c81bc03558f624f7983e5ad13ae2ea0b) Importer(815301076,1909f56bfc062723c751e8b465ee728b)  -> (artifact id: '836e3be879be377167c2d89d4df745ca') in 0.008554 seconds 
========================================================================
Received Import Request.
  Time since last request: 0.000071 seconds.
  path: Assets/Shader/VolunmetricLight/SidePieceVolunmetric 1.mat
  artifactKey: Guid(986c06e2c486e49d383226b382db90a6) Importer(815301076,1909f56bfc062723c751e8b465ee728b)
Start importing Assets/Shader/VolunmetricLight/SidePieceVolunmetric 1.mat using Guid(986c06e2c486e49d383226b382db90a6) Importer(815301076,1909f56bfc062723c751e8b465ee728b)  -> (artifact id: '7b32c718f5170419d0297ffd1b76ddc4') in 0.007235 seconds 
========================================================================
Received Prepare
Registering precompiled user dll's ...
Registered in 0.002174 seconds.
Begin MonoManager ReloadAssembly
Symbol file LoadedFromMemory doesn't match image /Users/chujiadan/Downloads/TryGithub/2022InitialProject/ballroom/Library/PackageCache/com.unity.visualscripting@1.7.7/Editor/VisualScripting.Core/Dependencies/YamlDotNet/Unity.VisualScripting.YamlDotNet.dll
Symbol file LoadedFromMemory doesn't match image /Users/chujiadan/Downloads/TryGithub/2022InitialProject/ballroom/Library/PackageCache/com.unity.visualscripting@1.7.7/Editor/VisualScripting.Core/Dependencies/DotNetZip/Unity.VisualScripting.IonicZip.dll
Native extension for OSXStandalone target not found
Refreshing native plugins compatible for Editor in 0.52 ms, found 2 plugins.
Preloading 0 native plugins for Editor in 0.00 ms.
Mono: successfully reloaded assembly
- Completed reload, in  1.371 seconds
Domain Reload Profiling:
	ReloadAssembly (1372ms)
		BeginReloadAssembly (186ms)
			ExecutionOrderSort (0ms)
			DisableScriptedObjects (5ms)
			BackupInstance (0ms)
			ReleaseScriptingObjects (0ms)
			CreateAndSetChildDomain (88ms)
		EndReloadAssembly (1061ms)
			LoadAssemblies (79ms)
			RebuildTransferFunctionScriptingTraits (0ms)
			SetupTypeCache (418ms)
			ReleaseScriptCaches (1ms)
			RebuildScriptCaches (65ms)
			SetupLoadedEditorAssemblies (420ms)
				LogAssemblyErrors (0ms)
				InitializePlatformSupportModulesInManaged (13ms)
				SetLoadedEditorAssemblies (1ms)
				RefreshPlugins (1ms)
				BeforeProcessingInitializeOnLoad (75ms)
				ProcessInitializeOnLoadAttributes (294ms)
				ProcessInitializeOnLoadMethodAttributes (35ms)
				AfterProcessingInitializeOnLoad (2ms)
				EditorAssembliesLoaded (0ms)
			ExecutionOrderSort2 (0ms)
			AwakeInstancesAfterBackupRestoration (7ms)
Platform modules already initialized, skipping
Refreshing native plugins compatible for Editor in 0.59 ms, found 2 plugins.
Preloading 0 native plugins for Editor in 0.00 ms.
Unloading 3235 Unused Serialized files (Serialized files now loaded: 0)
Unloading 18 unused Assets / (46.1 KB). Loaded Objects now: 3769.
Memory consumption went from 264.3 MB to 264.2 MB.
Total: 3.895158 ms (FindLiveObjects: 0.315226 ms CreateObjectMapping: 0.234614 ms MarkObjects: 3.272450 ms  DeleteObjects: 0.071675 ms)

AssetImportParameters requested are different than current active one (requested -> active):
  custom:video-decoder-ogg-theora: a1e56fd34408186e4bbccfd4996cb3dc -> 
  custom:container-muxer-webm: aa71ff27fc2769a1b78a27578f13a17b -> 
  custom:container-demuxer-webm: 4f35f7cbe854078d1ac9338744f61a02 -> 
  custom:video-encoder-webm-vp8: eb34c28f22e8b96e1ab97ce403110664 -> 
  custom:framework-osx-AVFoundation: e770b220cccbd017edd2c1fefb359320 -> 
  custom:audio-encoder-webm-vorbis: bf7c407c2cedff20999df2af8eb42d56 -> 
  custom:container-demuxer-ogg: 62fdf1f143b41e24485cea50d1cbac27 -> 
  custom:video-decoder-webm-vp8: 9c59270c3fd7afecdb556c50c9e8de78 -> 
  custom:audio-decoder-ogg-vorbis: bf7c407c2cedff20999df2af8eb42d56 -> 
========================================================================
Received Import Request.
  Time since last request: 1067.307933 seconds.
  path: Assets/Shader/VolunmetricLight/fogShadow.mat
  artifactKey: Guid(8bc2b021fa09f4e7bb2578edce97787f) Importer(815301076,1909f56bfc062723c751e8b465ee728b)
Start importing Assets/Shader/VolunmetricLight/fogShadow.mat using Guid(8bc2b021fa09f4e7bb2578edce97787f) Importer(815301076,1909f56bfc062723c751e8b465ee728b)  -> (artifact id: '98b3d69802e2c4fb15c94ddb4a17675d') in 0.134029 seconds 
========================================================================
Received Import Request.
  Time since last request: 0.000080 seconds.
  path: Assets/Shader/VolunmetricLight/PieceVolunmetric.mat
  artifactKey: Guid(e7f8c3e46f28e45858b2bb3d5ff2d33f) Importer(815301076,1909f56bfc062723c751e8b465ee728b)
Start importing Assets/Shader/VolunmetricLight/PieceVolunmetric.mat using Guid(e7f8c3e46f28e45858b2bb3d5ff2d33f) Importer(815301076,1909f56bfc062723c751e8b465ee728b)  -> (artifact id: '25c0542f061991edc47a29505244b4ab') in 0.009090 seconds 
========================================================================
Received Import Request.
  Time since last request: 0.000082 seconds.
  path: Assets/Shader/VolunmetricLight/InnerVolunmetric.mat
  artifactKey: Guid(c81bc03558f624f7983e5ad13ae2ea0b) Importer(815301076,1909f56bfc062723c751e8b465ee728b)
Start importing Assets/Shader/VolunmetricLight/InnerVolunmetric.mat using Guid(c81bc03558f624f7983e5ad13ae2ea0b) Importer(815301076,1909f56bfc062723c751e8b465ee728b)  -> (artifact id: '79f648e7faa083e484dab0ac98c86808') in 0.008747 seconds 
========================================================================
Received Prepare
Registering precompiled user dll's ...
Registered in 0.002152 seconds.
Begin MonoManager ReloadAssembly
Symbol file LoadedFromMemory doesn't match image /Users/chujiadan/Downloads/TryGithub/2022InitialProject/ballroom/Library/PackageCache/com.unity.visualscripting@1.7.7/Editor/VisualScripting.Core/Dependencies/YamlDotNet/Unity.VisualScripting.YamlDotNet.dll
Symbol file LoadedFromMemory doesn't match image /Users/chujiadan/Downloads/TryGithub/2022InitialProject/ballroom/Library/PackageCache/com.unity.visualscripting@1.7.7/Editor/VisualScripting.Core/Dependencies/DotNetZip/Unity.VisualScripting.IonicZip.dll
Native extension for OSXStandalone target not found
Refreshing native plugins compatible for Editor in 0.44 ms, found 2 plugins.
Preloading 0 native plugins for Editor in 0.00 ms.
Mono: successfully reloaded assembly
- Completed reload, in  1.196 seconds
Domain Reload Profiling:
	ReloadAssembly (1197ms)
		BeginReloadAssembly (155ms)
			ExecutionOrderSort (0ms)
			DisableScriptedObjects (5ms)
			BackupInstance (0ms)
			ReleaseScriptingObjects (0ms)
			CreateAndSetChildDomain (67ms)
		EndReloadAssembly (924ms)
			LoadAssemblies (70ms)
			RebuildTransferFunctionScriptingTraits (0ms)
			SetupTypeCache (353ms)
			ReleaseScriptCaches (1ms)
			RebuildScriptCaches (54ms)
			SetupLoadedEditorAssemblies (382ms)
				LogAssemblyErrors (0ms)
				InitializePlatformSupportModulesInManaged (10ms)
				SetLoadedEditorAssemblies (1ms)
				RefreshPlugins (0ms)
				BeforeProcessingInitializeOnLoad (65ms)
				ProcessInitializeOnLoadAttributes (272ms)
				ProcessInitializeOnLoadMethodAttributes (32ms)
				AfterProcessingInitializeOnLoad (2ms)
				EditorAssembliesLoaded (0ms)
			ExecutionOrderSort2 (0ms)
			AwakeInstancesAfterBackupRestoration (6ms)
Platform modules already initialized, skipping
Refreshing native plugins compatible for Editor in 0.54 ms, found 2 plugins.
Preloading 0 native plugins for Editor in 0.00 ms.
Unloading 3235 Unused Serialized files (Serialized files now loaded: 0)
Unloading 18 unused Assets / (46.3 KB). Loaded Objects now: 3772.
Memory consumption went from 263.6 MB to 263.5 MB.
Total: 3.757750 ms (FindLiveObjects: 0.298480 ms CreateObjectMapping: 0.248841 ms MarkObjects: 3.140027 ms  DeleteObjects: 0.069011 ms)

AssetImportParameters requested are different than current active one (requested -> active):
  custom:video-decoder-ogg-theora: a1e56fd34408186e4bbccfd4996cb3dc -> 
  custom:container-muxer-webm: aa71ff27fc2769a1b78a27578f13a17b -> 
  custom:container-demuxer-webm: 4f35f7cbe854078d1ac9338744f61a02 -> 
  custom:video-encoder-webm-vp8: eb34c28f22e8b96e1ab97ce403110664 -> 
  custom:framework-osx-AVFoundation: e770b220cccbd017edd2c1fefb359320 -> 
  custom:audio-encoder-webm-vorbis: bf7c407c2cedff20999df2af8eb42d56 -> 
  custom:container-demuxer-ogg: 62fdf1f143b41e24485cea50d1cbac27 -> 
  custom:video-decoder-webm-vp8: 9c59270c3fd7afecdb556c50c9e8de78 -> 
  custom:audio-decoder-ogg-vorbis: bf7c407c2cedff20999df2af8eb42d56 -> 
========================================================================
Received Prepare
Registering precompiled user dll's ...
Registered in 0.002230 seconds.
Begin MonoManager ReloadAssembly
Symbol file LoadedFromMemory doesn't match image /Users/chujiadan/Downloads/TryGithub/2022InitialProject/ballroom/Library/PackageCache/com.unity.visualscripting@1.7.7/Editor/VisualScripting.Core/Dependencies/YamlDotNet/Unity.VisualScripting.YamlDotNet.dll
Symbol file LoadedFromMemory doesn't match image /Users/chujiadan/Downloads/TryGithub/2022InitialProject/ballroom/Library/PackageCache/com.unity.visualscripting@1.7.7/Editor/VisualScripting.Core/Dependencies/DotNetZip/Unity.VisualScripting.IonicZip.dll
Native extension for OSXStandalone target not found
Refreshing native plugins compatible for Editor in 0.50 ms, found 2 plugins.
Preloading 0 native plugins for Editor in 0.00 ms.
Mono: successfully reloaded assembly
- Completed reload, in  1.188 seconds
Domain Reload Profiling:
	ReloadAssembly (1189ms)
		BeginReloadAssembly (150ms)
			ExecutionOrderSort (0ms)
			DisableScriptedObjects (7ms)
			BackupInstance (0ms)
			ReleaseScriptingObjects (0ms)
			CreateAndSetChildDomain (59ms)
		EndReloadAssembly (924ms)
			LoadAssemblies (69ms)
			RebuildTransferFunctionScriptingTraits (0ms)
			SetupTypeCache (349ms)
			ReleaseScriptCaches (1ms)
			RebuildScriptCaches (54ms)
			SetupLoadedEditorAssemblies (392ms)
				LogAssemblyErrors (0ms)
				InitializePlatformSupportModulesInManaged (10ms)
				SetLoadedEditorAssemblies (1ms)
				RefreshPlugins (1ms)
				BeforeProcessingInitializeOnLoad (66ms)
				ProcessInitializeOnLoadAttributes (281ms)
				ProcessInitializeOnLoadMethodAttributes (33ms)
				AfterProcessingInitializeOnLoad (2ms)
				EditorAssembliesLoaded (0ms)
			ExecutionOrderSort2 (0ms)
			AwakeInstancesAfterBackupRestoration (6ms)
Platform modules already initialized, skipping
Refreshing native plugins compatible for Editor in 0.69 ms, found 2 plugins.
Preloading 0 native plugins for Editor in 0.00 ms.
Unloading 3235 Unused Serialized files (Serialized files now loaded: 0)
Unloading 18 unused Assets / (46.3 KB). Loaded Objects now: 3775.
Memory consumption went from 264.0 MB to 263.9 MB.
Total: 3.662589 ms (FindLiveObjects: 0.331841 ms CreateObjectMapping: 0.205520 ms MarkObjects: 3.063112 ms  DeleteObjects: 0.060938 ms)

AssetImportParameters requested are different than current active one (requested -> active):
  custom:video-decoder-ogg-theora: a1e56fd34408186e4bbccfd4996cb3dc -> 
  custom:container-muxer-webm: aa71ff27fc2769a1b78a27578f13a17b -> 
  custom:container-demuxer-webm: 4f35f7cbe854078d1ac9338744f61a02 -> 
  custom:video-encoder-webm-vp8: eb34c28f22e8b96e1ab97ce403110664 -> 
  custom:framework-osx-AVFoundation: e770b220cccbd017edd2c1fefb359320 -> 
  custom:audio-encoder-webm-vorbis: bf7c407c2cedff20999df2af8eb42d56 -> 
  custom:container-demuxer-ogg: 62fdf1f143b41e24485cea50d1cbac27 -> 
  custom:video-decoder-webm-vp8: 9c59270c3fd7afecdb556c50c9e8de78 -> 
  custom:audio-decoder-ogg-vorbis: bf7c407c2cedff20999df2af8eb42d56 -> 
========================================================================
Received Import Request.
  Time since last request: 772.640953 seconds.
  path: Assets/Shader/VolunmetricLight/fogShadow.mat
  artifactKey: Guid(8bc2b021fa09f4e7bb2578edce97787f) Importer(815301076,1909f56bfc062723c751e8b465ee728b)
Start importing Assets/Shader/VolunmetricLight/fogShadow.mat using Guid(8bc2b021fa09f4e7bb2578edce97787f) Importer(815301076,1909f56bfc062723c751e8b465ee728b)  -> (artifact id: 'b5bb5461dc3f934b9d4ab8def1ae62ee') in 0.129343 seconds 
========================================================================
Received Import Request.
  Time since last request: 0.000160 seconds.
  path: Assets/Shader/VolunmetricLight/PieceVolunmetric.mat
  artifactKey: Guid(e7f8c3e46f28e45858b2bb3d5ff2d33f) Importer(815301076,1909f56bfc062723c751e8b465ee728b)
Start importing Assets/Shader/VolunmetricLight/PieceVolunmetric.mat using Guid(e7f8c3e46f28e45858b2bb3d5ff2d33f) Importer(815301076,1909f56bfc062723c751e8b465ee728b)  -> (artifact id: '3623412a313c64a43bdecf8b3cc314db') in 0.009728 seconds 
========================================================================
Received Import Request.
  Time since last request: 0.000082 seconds.
  path: Assets/Shader/VolunmetricLight/SidePieceVolunmetric 1.mat
  artifactKey: Guid(986c06e2c486e49d383226b382db90a6) Importer(815301076,1909f56bfc062723c751e8b465ee728b)
Start importing Assets/Shader/VolunmetricLight/SidePieceVolunmetric 1.mat using Guid(986c06e2c486e49d383226b382db90a6) Importer(815301076,1909f56bfc062723c751e8b465ee728b)  -> (artifact id: '104cc4c32c1b1d50f6ec0bba53af227d') in 0.009612 seconds 
========================================================================
Received Import Request.
  Time since last request: 0.000082 seconds.
  path: Assets/Shader/VolunmetricLight/InnerVolunmetric.mat
  artifactKey: Guid(c81bc03558f624f7983e5ad13ae2ea0b) Importer(815301076,1909f56bfc062723c751e8b465ee728b)
Start importing Assets/Shader/VolunmetricLight/InnerVolunmetric.mat using Guid(c81bc03558f624f7983e5ad13ae2ea0b) Importer(815301076,1909f56bfc062723c751e8b465ee728b)  -> (artifact id: '317228c59617896a38092ca22bbe54bf') in 0.008570 seconds 
========================================================================
Received Import Request.
  Time since last request: 0.000112 seconds.
  path: Assets/Shader/VolunmetricLight/Volunmetric.mat
  artifactKey: Guid(6925c55c946a24018934c5c21b929c59) Importer(815301076,1909f56bfc062723c751e8b465ee728b)
Start importing Assets/Shader/VolunmetricLight/Volunmetric.mat using Guid(6925c55c946a24018934c5c21b929c59) Importer(815301076,1909f56bfc062723c751e8b465ee728b)  -> (artifact id: '1401c269e1d40957b10e5419d465e988') in 0.008923 seconds 
